<?xml version="1.0" encoding="UTF-8"?>
<!-- Generated by org.testng.reporters.JUnitXMLReporter -->
<testsuite hostname="LAPTOP-MKM29HK5" failures="0" tests="11" name="Test" time="134.206" errors="0" timestamp="22 Nov 2021 04:19:18 GMT">
  <testcase classname="com.bigsmall.runner.AddingItemtoCart" name="addingItemtoCart" time="16.001"/>
  <testcase classname="com.bigsmall.runner.AddingItemtoCartWithGiftcard" name="addingItemtoCartWithGiftWrap" time="16.707"/>
  <testcase classname="com.bigsmall.runner.BirthdayGiftsTest" name="BirthdayGifts" time="6.228"/>
  <testcase classname="com.bigsmall.runner.CorporateGiftsTest" name="CorporateGifts" time="8.243"/>
  <testcase classname="com.bigsmall.runner.GiftCardTest" name="giftCardTest" time="20.507"/>
  <testcase classname="com.bigsmall.runner.LoginTest" name="signInTest" time="7.282"/>
  <testcase classname="com.bigsmall.runner.LoginTest" name="signInTest" time="4.342"/>
  <testcase classname="com.bigsmall.runner.PersonalizedgiftsTest" name="personalizedGifts" time="8.288"/>
  <testcase classname="com.bigsmall.runner.SearchTest" name="searchItem" time="10.752"/>
  <testcase classname="com.bigsmall.runner.TestCase1" name="titleValidation" time="3.025"/>
  <testcase classname="com.bigsmall.runner.WhatsNew" name="whatsNew" time="14.512"/>
</testsuite> <!-- Test -->
